    Finished `release` profile [optimized] target(s) in 0.09s

     Running unittests src\lib.rs (target\release\deps\fractal_generator-0620a6cace33c007.exe)
running 1 test
corpus: 746 signatures (sparse scalar = s16 bin0 fraction)
rendering 48 candidates @ 1280x720 ss2, fw=0.012, maxiter=1000 ...
  #00 c=(-0.22586,0.43966) int=100% spread=0 sparse=1.000(p100) nn=0.594 reject
  #01 c=(-1.80301,0.56529) int=0% spread=0 sparse=1.000(p100) nn=0.594 reject
  #02 c=(0.35269,-0.79563) int=0% spread=0 sparse=1.000(p100) nn=0.594 reject
  #03 c=(-0.13494,0.90408) int=0% spread=14 sparse=0.922(p100) nn=0.473 reject
  #04 c=(0.11176,-0.29033) int=100% spread=0 sparse=1.000(p100) nn=0.594 reject
  #05 c=(-0.67628,0.90319) int=0% spread=0 sparse=1.000(p100) nn=0.594 reject
  #06 c=(-1.47755,-0.92890) int=0% spread=0 sparse=1.000(p100) nn=0.594 reject
  #07 c=(-1.35944,-0.16922) int=0% spread=0 sparse=1.000(p100) nn=0.594 reject
  #08 c=(-0.84479,1.06824) int=0% spread=0 sparse=1.000(p100) nn=0.594 reject
  #09 c=(-1.38038,1.07955) int=0% spread=0 sparse=1.000(p100) nn=0.594 reject
  #10 c=(-1.61527,0.65266) int=0% spread=0 sparse=1.000(p100) nn=0.594 reject
  #11 c=(-0.84075,-0.55109) int=0% spread=0 sparse=1.000(p100) nn=0.594 reject
  #12 c=(-0.11705,-0.03970) int=100% spread=0 sparse=1.000(p100) nn=0.594 reject
  #13 c=(-1.93192,-0.87411) int=0% spread=0 sparse=1.000(p100) nn=0.594 reject
  #14 c=(-1.47681,-1.18672) int=0% spread=0 sparse=1.000(p100) nn=0.594 reject
  #15 c=(-0.78136,0.98771) int=0% spread=0 sparse=1.000(p100) nn=0.594 reject
  #16 c=(-0.88119,1.18545) int=0% spread=0 sparse=1.000(p100) nn=0.594 reject
  #17 c=(0.32748,-0.15344) int=100% spread=0 sparse=1.000(p100) nn=0.594 reject
  #18 c=(0.30827,-1.07491) int=0% spread=0 sparse=1.000(p100) nn=0.594 reject
  #19 c=(-1.90535,-1.10529) int=0% spread=0 sparse=1.000(p100) nn=0.594 reject
  #20 c=(-1.78692,-0.23762) int=0% spread=0 sparse=1.000(p100) nn=0.594 reject
  #21 c=(0.49349,-0.04826) int=0% spread=0 sparse=1.000(p100) nn=0.594 reject
  #22 c=(-0.55039,-1.00430) int=0% spread=0 sparse=1.000(p100) nn=0.594 reject
  #23 c=(0.01140,0.06815) int=100% spread=0 sparse=1.000(p100) nn=0.594 reject
  #24 c=(-0.48293,-0.18267) int=100% spread=0 sparse=1.000(p100) nn=0.594 reject
  #25 c=(-0.38815,0.26465) int=100% spread=0 sparse=1.000(p100) nn=0.594 reject
  #26 c=(-1.65165,0.02529) int=0% spread=1 sparse=1.000(p100) nn=0.594 reject
  #27 c=(0.54218,-0.34561) int=0% spread=0 sparse=1.000(p100) nn=0.594 reject
  #28 c=(-1.16092,-1.13377) int=0% spread=0 sparse=1.000(p100) nn=0.594 reject
  #29 c=(0.56570,-0.46968) int=0% spread=0 sparse=1.000(p100) nn=0.594 reject
  #30 c=(-0.78525,-0.49369) int=0% spread=0 sparse=1.000(p100) nn=0.594 reject
  #31 c=(-1.36963,-0.76943) int=0% spread=0 sparse=1.000(p100) nn=0.594 reject
test location_probe::location_probe has been running for over 60 seconds
  #32 c=(0.35613,0.32607) int=99% spread=699 sparse=0.926(p100) nn=0.516 reject
  #33 c=(-1.09575,0.40180) int=0% spread=0 sparse=1.000(p100) nn=0.594 reject
  #34 c=(0.22721,-0.46933) int=100% spread=0 sparse=1.000(p100) nn=0.594 reject
  #35 c=(-0.87201,-0.62443) int=0% spread=0 sparse=1.000(p100) nn=0.594 reject
  #36 c=(-0.26493,1.07110) int=0% spread=0 sparse=1.000(p100) nn=0.594 reject
  #37 c=(-0.48266,-0.07400) int=100% spread=0 sparse=1.000(p100) nn=0.594 reject
  #38 c=(-1.71475,0.46047) int=0% spread=0 sparse=1.000(p100) nn=0.594 reject
  #39 c=(-0.43824,-0.59873) int=0% spread=2 sparse=1.000(p100) nn=0.594 reject
  #40 c=(-1.23822,-1.01326) int=0% spread=0 sparse=1.000(p100) nn=0.594 reject
  #41 c=(-1.86561,-0.68061) int=0% spread=0 sparse=1.000(p100) nn=0.594 reject
  #42 c=(-0.09033,0.62532) int=100% spread=0 sparse=1.000(p100) nn=0.594 reject
  #43 c=(0.61235,0.42262) int=0% spread=0 sparse=1.000(p100) nn=0.594 reject
  #44 c=(-1.19462,-0.02087) int=100% spread=0 sparse=1.000(p100) nn=0.594 reject
  #45 c=(-1.76068,0.31423) int=0% spread=0 sparse=1.000(p100) nn=0.594 reject
  #46 c=(-1.90394,-0.41845) int=0% spread=0 sparse=1.000(p100) nn=0.594 reject
  #47 c=(-1.78462,0.60109) int=0% spread=0 sparse=1.000(p100) nn=0.594 reject

=== location-source base-rate probe ===
seed=20260621  N=48  box re[-2,0.7] im[-1.2,1.2]
frame_width=0.012  maxiter=1000  ss=2  colormap=viridis
color: smooth, density=0.004, offset=0, interior=black
provisional accept: spread>=20 AND interior<=85% AND sparse_pct<=80%
ACCEPTED 0/48  ->  implied draws-per-keeper ~= 48.0
sheet : data/location_probe\contact_sheet.png
json  : data/location_probe\probe.json
thumbs: data/location_probe\thumbs/NN.png
test location_probe::location_probe ... ok

test result: ok. 1 passed; 0 failed; 0 ignored; 0 measured; 27 filtered out; finished in 89.21s

